<?xml version="1.0" encoding="UTF-8"?>
<!-- Generated by org.testng.reporters.JUnitXMLReporter -->
<testsuite hostname="kutty-note" ignored="0" name="Test" tests="7" failures="0" timestamp="07 Nov 2017 11:56:01 GMT" time="153.064" errors="0">
  <testcase name="validate" time="0.596" classname="informationcommands.Validation_Test"/>
  <testcase name="fbinfo" time="2.274" classname="informationcommands.information_Test"/>
  <testcase name="A" time="0.002" classname="testgroupings.Grouping_Test"/>
  <testcase name="actions" time="29.812" classname="Actions.Action_Test"/>
  <testcase name="login" time="5.973" classname="HRMS.MAVEN.Sample"/>
  <testcase name="C" time="0.009" classname="testgroupings.Grouping_Test"/>
  <testcase name="B" time="0.003" classname="testgroupings.Grouping_Test"/>
</testsuite> <!-- Test -->
