<?xml version="1.0" encoding="UTF-8"?>
<testng-results skipped="0" failed="0" ignored="0" total="1" passed="1">
  <reporter-output>
  </reporter-output>
  <suite name="Default suite" duration-ms="7731" started-at="2017-11-09T10:40:17Z" finished-at="2017-11-09T10:40:25Z">
    <groups>
    </groups>
    <test name="Default test" duration-ms="7731" started-at="2017-11-09T10:40:17Z" finished-at="2017-11-09T10:40:25Z">
      <class name="headless.htmlunitdriver_Test">
        <test-method status="PASS" signature="beforeTest()[pri:0, instance:headless.htmlunitdriver_Test@77caeb3e]" name="beforeTest" is-config="true" duration-ms="7513" started-at="2017-11-09T16:10:17Z" finished-at="2017-11-09T16:10:25Z">
          <reporter-output>
          </reporter-output>
        </test-method> <!-- beforeTest -->
        <test-method status="PASS" signature="f()[pri:0, instance:headless.htmlunitdriver_Test@77caeb3e]" name="f" duration-ms="193" started-at="2017-11-09T16:10:25Z" finished-at="2017-11-09T16:10:25Z">
          <reporter-output>
          </reporter-output>
        </test-method> <!-- f -->
        <test-method status="PASS" signature="afterTest()[pri:0, instance:headless.htmlunitdriver_Test@77caeb3e]" name="afterTest" is-config="true" duration-ms="1" started-at="2017-11-09T16:10:25Z" finished-at="2017-11-09T16:10:25Z">
          <reporter-output>
          </reporter-output>
        </test-method> <!-- afterTest -->
      </class> <!-- headless.htmlunitdriver_Test -->
    </test> <!-- Default test -->
  </suite> <!-- Default suite -->
</testng-results>
