<?xml version="1.0" encoding="UTF-8"?>
<!-- Generated by org.testng.reporters.JUnitXMLReporter -->
<testsuite hostname="kutty-note" ignored="3" tests="0" failures="0" timestamp="07 Nov 2017 11:11:15 GMT" time="0.01" errors="0">
  <testcase name="A" time="0.0" classname="testgroupings.Grouping_Test">
    <ignored/>
  </testcase> <!-- A -->
  <testcase name="B" time="0.0" classname="testgroupings.Grouping_Test">
    <ignored/>
  </testcase> <!-- B -->
  <testcase name="C" time="0.0" classname="testgroupings.Grouping_Test">
    <ignored/>
  </testcase> <!-- C -->
</testsuite>
