<?xml version="1.0" encoding="UTF-8"?>
<!-- Generated by org.testng.reporters.JUnitXMLReporter -->
<testsuite hostname="kutty-note" ignored="1" name="fbgroupTest" tests="2" failures="0" timestamp="03 Nov 2017 09:33:00 GMT" time="24.242" errors="0">
  <testcase name="fbopen" time="15.271" classname="testgroupings.FBgroup_Test"/>
  <testcase name="messenger" time="8.941" classname="testgroupings.FBgroup_Test"/>
  <testcase name="create" time="0.0" classname="testgroupings.FBgroup_Test">
    <ignored/>
  </testcase> <!-- create -->
</testsuite> <!-- fbgroupTest -->
